{"total": {"lines":{"total":1965,"covered":435,"skipped":0,"pct":22.13},"statements":{"total":2214,"covered":484,"skipped":0,"pct":21.86},"functions":{"total":769,"covered":67,"skipped":0,"pct":8.71},"branches":{"total":983,"covered":127,"skipped":0,"pct":12.91},"branchesTrue":{"total":0,"covered":0,"skipped":0,"pct":100}}
,"/home/ubuntu/repos/northgate-business-web/src/app/app-routing.module.ts": {"lines":{"total":10,"covered":2,"skipped":0,"pct":20},"functions":{"total":16,"covered":0,"skipped":0,"pct":0},"statements":{"total":19,"covered":3,"skipped":0,"pct":15.78},"branches":{"total":0,"covered":0,"skipped":0,"pct":100}}
,"/home/ubuntu/repos/northgate-business-web/src/app/app.component.ts": {"lines":{"total":1,"covered":1,"skipped":0,"pct":100},"functions":{"total":0,"covered":0,"skipped":0,"pct":100},"statements":{"total":2,"covered":2,"skipped":0,"pct":100},"branches":{"total":0,"covered":0,"skipped":0,"pct":100}}
,"/home/ubuntu/repos/northgate-business-web/src/app/app.module.ts": {"lines":{"total":1,"covered":1,"skipped":0,"pct":100},"functions":{"total":0,"covered":0,"skipped":0,"pct":100},"statements":{"total":2,"covered":2,"skipped":0,"pct":100},"branches":{"total":0,"covered":0,"skipped":0,"pct":100}}
,"/home/ubuntu/repos/northgate-business-web/src/app/core/core.module.ts": {"lines":{"total":3,"covered":2,"skipped":0,"pct":66.66},"functions":{"total":1,"covered":1,"skipped":0,"pct":100},"statements":{"total":3,"covered":2,"skipped":0,"pct":66.66},"branches":{"total":1,"covered":0,"skipped":0,"pct":0}}
,"/home/ubuntu/repos/northgate-business-web/src/app/core/guards/auth.guard.ts": {"lines":{"total":12,"covered":1,"skipped":0,"pct":8.33},"functions":{"total":6,"covered":0,"skipped":0,"pct":0},"statements":{"total":14,"covered":1,"skipped":0,"pct":7.14},"branches":{"total":2,"covered":0,"skipped":0,"pct":0}}
,"/home/ubuntu/repos/northgate-business-web/src/app/core/guards/permission.guard.ts": {"lines":{"total":9,"covered":1,"skipped":0,"pct":11.11},"functions":{"total":2,"covered":0,"skipped":0,"pct":0},"statements":{"total":12,"covered":1,"skipped":0,"pct":8.33},"branches":{"total":5,"covered":0,"skipped":0,"pct":0}}
,"/home/ubuntu/repos/northgate-business-web/src/app/core/guards/step-up.guard.ts": {"lines":{"total":8,"covered":1,"skipped":0,"pct":12.5},"functions":{"total":2,"covered":0,"skipped":0,"pct":0},"statements":{"total":9,"covered":1,"skipped":0,"pct":11.11},"branches":{"total":2,"covered":0,"skipped":0,"pct":0}}
,"/home/ubuntu/repos/northgate-business-web/src/app/core/guards/unsaved-changes.guard.ts": {"lines":{"total":2,"covered":1,"skipped":0,"pct":50},"functions":{"total":1,"covered":0,"skipped":0,"pct":0},"statements":{"total":3,"covered":2,"skipped":0,"pct":66.66},"branches":{"total":4,"covered":0,"skipped":0,"pct":0}}
,"/home/ubuntu/repos/northgate-business-web/src/app/core/interceptors/auth.interceptor.ts": {"lines":{"total":6,"covered":1,"skipped":0,"pct":16.66},"functions":{"total":2,"covered":0,"skipped":0,"pct":0},"statements":{"total":6,"covered":1,"skipped":0,"pct":16.66},"branches":{"total":3,"covered":0,"skipped":0,"pct":0}}
,"/home/ubuntu/repos/northgate-business-web/src/app/core/interceptors/correlation.interceptor.ts": {"lines":{"total":3,"covered":1,"skipped":0,"pct":33.33},"functions":{"total":2,"covered":0,"skipped":0,"pct":0},"statements":{"total":3,"covered":1,"skipped":0,"pct":33.33},"branches":{"total":0,"covered":0,"skipped":0,"pct":100}}
,"/home/ubuntu/repos/northgate-business-web/src/app/core/interceptors/error.interceptor.ts": {"lines":{"total":16,"covered":1,"skipped":0,"pct":6.25},"functions":{"total":5,"covered":0,"skipped":0,"pct":0},"statements":{"total":18,"covered":1,"skipped":0,"pct":5.55},"branches":{"total":9,"covered":0,"skipped":0,"pct":0}}
,"/home/ubuntu/repos/northgate-business-web/src/app/core/services/auth.service.ts": {"lines":{"total":112,"covered":5,"skipped":0,"pct":4.46},"functions":{"total":24,"covered":0,"skipped":0,"pct":0},"statements":{"total":115,"covered":5,"skipped":0,"pct":4.34},"branches":{"total":47,"covered":0,"skipped":0,"pct":0}}
,"/home/ubuntu/repos/northgate-business-web/src/app/core/services/bff-gateway.service.ts": {"lines":{"total":32,"covered":3,"skipped":0,"pct":9.37},"functions":{"total":21,"covered":1,"skipped":0,"pct":4.76},"statements":{"total":37,"covered":4,"skipped":0,"pct":10.81},"branches":{"total":33,"covered":0,"skipped":0,"pct":0}}
,"/home/ubuntu/repos/northgate-business-web/src/app/core/services/business-date.service.ts": {"lines":{"total":33,"covered":3,"skipped":0,"pct":9.09},"functions":{"total":11,"covered":0,"skipped":0,"pct":0},"statements":{"total":34,"covered":4,"skipped":0,"pct":11.76},"branches":{"total":14,"covered":0,"skipped":0,"pct":0}}
,"/home/ubuntu/repos/northgate-business-web/src/app/core/services/csv-export.service.ts": {"lines":{"total":30,"covered":1,"skipped":0,"pct":3.33},"functions":{"total":10,"covered":0,"skipped":0,"pct":0},"statements":{"total":35,"covered":2,"skipped":0,"pct":5.71},"branches":{"total":18,"covered":0,"skipped":0,"pct":0}}
,"/home/ubuntu/repos/northgate-business-web/src/app/core/services/session-idle.service.ts": {"lines":{"total":25,"covered":1,"skipped":0,"pct":4},"functions":{"total":12,"covered":0,"skipped":0,"pct":0},"statements":{"total":26,"covered":1,"skipped":0,"pct":3.84},"branches":{"total":2,"covered":0,"skipped":0,"pct":0}}
,"/home/ubuntu/repos/northgate-business-web/src/app/core/services/telemetry.service.ts": {"lines":{"total":19,"covered":1,"skipped":0,"pct":5.26},"functions":{"total":12,"covered":0,"skipped":0,"pct":0},"statements":{"total":20,"covered":1,"skipped":0,"pct":5},"branches":{"total":7,"covered":0,"skipped":0,"pct":0}}
,"/home/ubuntu/repos/northgate-business-web/src/app/features/accounts/accounts.module.ts": {"lines":{"total":2,"covered":2,"skipped":0,"pct":100},"functions":{"total":0,"covered":0,"skipped":0,"pct":100},"statements":{"total":3,"covered":3,"skipped":0,"pct":100},"branches":{"total":0,"covered":0,"skipped":0,"pct":100}}
,"/home/ubuntu/repos/northgate-business-web/src/app/features/accounts/accounts.service.ts": {"lines":{"total":25,"covered":1,"skipped":0,"pct":4},"functions":{"total":13,"covered":0,"skipped":0,"pct":0},"statements":{"total":30,"covered":1,"skipped":0,"pct":3.33},"branches":{"total":15,"covered":0,"skipped":0,"pct":0}}
,"/home/ubuntu/repos/northgate-business-web/src/app/features/accounts/account-detail/account-detail.component.ts": {"lines":{"total":35,"covered":1,"skipped":0,"pct":2.85},"functions":{"total":10,"covered":0,"skipped":0,"pct":0},"statements":{"total":36,"covered":1,"skipped":0,"pct":2.77},"branches":{"total":7,"covered":0,"skipped":0,"pct":0}}
,"/home/ubuntu/repos/northgate-business-web/src/app/features/accounts/accounts-overview/accounts-overview.component.ts": {"lines":{"total":34,"covered":1,"skipped":0,"pct":2.94},"functions":{"total":9,"covered":0,"skipped":0,"pct":0},"statements":{"total":38,"covered":1,"skipped":0,"pct":2.63},"branches":{"total":27,"covered":0,"skipped":0,"pct":0}}
,"/home/ubuntu/repos/northgate-business-web/src/app/features/accounts/balance-summary/balance-summary.component.ts": {"lines":{"total":14,"covered":1,"skipped":0,"pct":7.14},"functions":{"total":8,"covered":0,"skipped":0,"pct":0},"statements":{"total":20,"covered":1,"skipped":0,"pct":5},"branches":{"total":5,"covered":0,"skipped":0,"pct":0}}
,"/home/ubuntu/repos/northgate-business-web/src/app/features/accounts/transaction-detail-dialog/transaction-detail-dialog.component.ts": {"lines":{"total":2,"covered":1,"skipped":0,"pct":50},"functions":{"total":1,"covered":0,"skipped":0,"pct":0},"statements":{"total":3,"covered":1,"skipped":0,"pct":33.33},"branches":{"total":0,"covered":0,"skipped":0,"pct":100}}
,"/home/ubuntu/repos/northgate-business-web/src/app/features/accounts/transaction-filter/transaction-filter.component.ts": {"lines":{"total":14,"covered":1,"skipped":0,"pct":7.14},"functions":{"total":8,"covered":0,"skipped":0,"pct":0},"statements":{"total":18,"covered":1,"skipped":0,"pct":5.55},"branches":{"total":24,"covered":0,"skipped":0,"pct":0}}
,"/home/ubuntu/repos/northgate-business-web/src/app/features/accounts/transaction-list/transaction-list.component.ts": {"lines":{"total":32,"covered":1,"skipped":0,"pct":3.12},"functions":{"total":8,"covered":0,"skipped":0,"pct":0},"statements":{"total":34,"covered":1,"skipped":0,"pct":2.94},"branches":{"total":13,"covered":0,"skipped":0,"pct":0}}
,"/home/ubuntu/repos/northgate-business-web/src/app/features/ach/ach.module.ts": {"lines":{"total":2,"covered":2,"skipped":0,"pct":100},"functions":{"total":0,"covered":0,"skipped":0,"pct":100},"statements":{"total":3,"covered":3,"skipped":0,"pct":100},"branches":{"total":0,"covered":0,"skipped":0,"pct":100}}
,"/home/ubuntu/repos/northgate-business-web/src/app/features/ach/ach.service.ts": {"lines":{"total":27,"covered":1,"skipped":0,"pct":3.7},"functions":{"total":14,"covered":0,"skipped":0,"pct":0},"statements":{"total":31,"covered":1,"skipped":0,"pct":3.22},"branches":{"total":20,"covered":0,"skipped":0,"pct":0}}
,"/home/ubuntu/repos/northgate-business-web/src/app/features/ach/ach-batch-detail/ach-batch-detail.component.ts": {"lines":{"total":12,"covered":1,"skipped":0,"pct":8.33},"functions":{"total":5,"covered":0,"skipped":0,"pct":0},"statements":{"total":14,"covered":1,"skipped":0,"pct":7.14},"branches":{"total":4,"covered":0,"skipped":0,"pct":0}}
,"/home/ubuntu/repos/northgate-business-web/src/app/features/ach/ach-batches/ach-batches.component.ts": {"lines":{"total":18,"covered":1,"skipped":0,"pct":5.55},"functions":{"total":10,"covered":0,"skipped":0,"pct":0},"statements":{"total":21,"covered":1,"skipped":0,"pct":4.76},"branches":{"total":6,"covered":0,"skipped":0,"pct":0}}
,"/home/ubuntu/repos/northgate-business-web/src/app/features/ach/ach-template-editor/ach-template-editor.component.ts": {"lines":{"total":31,"covered":1,"skipped":0,"pct":3.22},"functions":{"total":14,"covered":0,"skipped":0,"pct":0},"statements":{"total":34,"covered":1,"skipped":0,"pct":2.94},"branches":{"total":22,"covered":0,"skipped":0,"pct":0}}
,"/home/ubuntu/repos/northgate-business-web/src/app/features/ach/ach-templates/ach-templates.component.ts": {"lines":{"total":21,"covered":1,"skipped":0,"pct":4.76},"functions":{"total":9,"covered":0,"skipped":0,"pct":0},"statements":{"total":22,"covered":1,"skipped":0,"pct":4.54},"branches":{"total":5,"covered":0,"skipped":0,"pct":0}}
,"/home/ubuntu/repos/northgate-business-web/src/app/features/ach/nacha-upload/nacha-upload.component.ts": {"lines":{"total":62,"covered":1,"skipped":0,"pct":1.61},"functions":{"total":22,"covered":0,"skipped":0,"pct":0},"statements":{"total":65,"covered":1,"skipped":0,"pct":1.53},"branches":{"total":30,"covered":0,"skipped":0,"pct":0}}
,"/home/ubuntu/repos/northgate-business-web/src/app/features/ach/nacha-validation-report/nacha-validation-report.component.ts": {"lines":{"total":17,"covered":1,"skipped":0,"pct":5.88},"functions":{"total":13,"covered":0,"skipped":0,"pct":0},"statements":{"total":25,"covered":1,"skipped":0,"pct":4},"branches":{"total":3,"covered":0,"skipped":0,"pct":0}}
,"/home/ubuntu/repos/northgate-business-web/src/app/features/alerts/alerts.module.ts": {"lines":{"total":2,"covered":2,"skipped":0,"pct":100},"functions":{"total":0,"covered":0,"skipped":0,"pct":100},"statements":{"total":3,"covered":3,"skipped":0,"pct":100},"branches":{"total":0,"covered":0,"skipped":0,"pct":100}}
,"/home/ubuntu/repos/northgate-business-web/src/app/features/alerts/alerts.service.ts": {"lines":{"total":6,"covered":1,"skipped":0,"pct":16.66},"functions":{"total":3,"covered":0,"skipped":0,"pct":0},"statements":{"total":7,"covered":1,"skipped":0,"pct":14.28},"branches":{"total":4,"covered":0,"skipped":0,"pct":0}}
,"/home/ubuntu/repos/northgate-business-web/src/app/features/alerts/alert-card/alert-card.component.ts": {"lines":{"total":5,"covered":1,"skipped":0,"pct":20},"functions":{"total":2,"covered":0,"skipped":0,"pct":0},"statements":{"total":5,"covered":1,"skipped":0,"pct":20},"branches":{"total":0,"covered":0,"skipped":0,"pct":100}}
,"/home/ubuntu/repos/northgate-business-web/src/app/features/alerts/alert-list/alert-list.component.ts": {"lines":{"total":24,"covered":1,"skipped":0,"pct":4.16},"functions":{"total":18,"covered":0,"skipped":0,"pct":0},"statements":{"total":30,"covered":1,"skipped":0,"pct":3.33},"branches":{"total":13,"covered":0,"skipped":0,"pct":0}}
,"/home/ubuntu/repos/northgate-business-web/src/app/features/alerts/alert-threshold-dialog/alert-threshold-dialog.component.ts": {"lines":{"total":8,"covered":1,"skipped":0,"pct":12.5},"functions":{"total":2,"covered":0,"skipped":0,"pct":0},"statements":{"total":8,"covered":1,"skipped":0,"pct":12.5},"branches":{"total":3,"covered":0,"skipped":0,"pct":0}}
,"/home/ubuntu/repos/northgate-business-web/src/app/features/approvals/approvals.module.ts": {"lines":{"total":2,"covered":2,"skipped":0,"pct":100},"functions":{"total":0,"covered":0,"skipped":0,"pct":100},"statements":{"total":3,"covered":3,"skipped":0,"pct":100},"branches":{"total":0,"covered":0,"skipped":0,"pct":100}}
,"/home/ubuntu/repos/northgate-business-web/src/app/features/approvals/decision-items.pipe.ts": {"lines":{"total":2,"covered":1,"skipped":0,"pct":50},"functions":{"total":2,"covered":0,"skipped":0,"pct":0},"statements":{"total":4,"covered":2,"skipped":0,"pct":50},"branches":{"total":4,"covered":0,"skipped":0,"pct":0}}
,"/home/ubuntu/repos/northgate-business-web/src/app/features/approvals/approval-decision-dialog/approval-decision-dialog.component.ts": {"lines":{"total":9,"covered":1,"skipped":0,"pct":11.11},"functions":{"total":3,"covered":0,"skipped":0,"pct":0},"statements":{"total":9,"covered":1,"skipped":0,"pct":11.11},"branches":{"total":9,"covered":0,"skipped":0,"pct":0}}
,"/home/ubuntu/repos/northgate-business-web/src/app/features/approvals/approval-detail/approval-detail.component.ts": {"lines":{"total":46,"covered":1,"skipped":0,"pct":2.17},"functions":{"total":15,"covered":0,"skipped":0,"pct":0},"statements":{"total":54,"covered":1,"skipped":0,"pct":1.85},"branches":{"total":23,"covered":0,"skipped":0,"pct":0}}
,"/home/ubuntu/repos/northgate-business-web/src/app/features/approvals/approval-filter-bar/approval-filter-bar.component.ts": {"lines":{"total":6,"covered":1,"skipped":0,"pct":16.66},"functions":{"total":3,"covered":0,"skipped":0,"pct":0},"statements":{"total":6,"covered":1,"skipped":0,"pct":16.66},"branches":{"total":4,"covered":0,"skipped":0,"pct":0}}
,"/home/ubuntu/repos/northgate-business-web/src/app/features/approvals/approvals-queue/approvals-queue.component.ts": {"lines":{"total":25,"covered":1,"skipped":0,"pct":4},"functions":{"total":14,"covered":0,"skipped":0,"pct":0},"statements":{"total":30,"covered":1,"skipped":0,"pct":3.33},"branches":{"total":6,"covered":0,"skipped":0,"pct":0}}
,"/home/ubuntu/repos/northgate-business-web/src/app/features/payroll/payroll.module.ts": {"lines":{"total":2,"covered":2,"skipped":0,"pct":100},"functions":{"total":0,"covered":0,"skipped":0,"pct":100},"statements":{"total":3,"covered":3,"skipped":0,"pct":100},"branches":{"total":0,"covered":0,"skipped":0,"pct":100}}
,"/home/ubuntu/repos/northgate-business-web/src/app/features/payroll/payroll.service.ts": {"lines":{"total":21,"covered":1,"skipped":0,"pct":4.76},"functions":{"total":13,"covered":0,"skipped":0,"pct":0},"statements":{"total":24,"covered":1,"skipped":0,"pct":4.16},"branches":{"total":13,"covered":0,"skipped":0,"pct":0}}
,"/home/ubuntu/repos/northgate-business-web/src/app/features/payroll/employee-list/employee-list.component.ts": {"lines":{"total":16,"covered":1,"skipped":0,"pct":6.25},"functions":{"total":13,"covered":0,"skipped":0,"pct":0},"statements":{"total":21,"covered":1,"skipped":0,"pct":4.76},"branches":{"total":4,"covered":0,"skipped":0,"pct":0}}
,"/home/ubuntu/repos/northgate-business-web/src/app/features/payroll/new-payroll-run/new-payroll-run.component.ts": {"lines":{"total":65,"covered":1,"skipped":0,"pct":1.53},"functions":{"total":27,"covered":0,"skipped":0,"pct":0},"statements":{"total":73,"covered":1,"skipped":0,"pct":1.36},"branches":{"total":32,"covered":0,"skipped":0,"pct":0}}
,"/home/ubuntu/repos/northgate-business-web/src/app/features/payroll/payroll-line-editor/payroll-line-editor.component.ts": {"lines":{"total":18,"covered":1,"skipped":0,"pct":5.55},"functions":{"total":13,"covered":0,"skipped":0,"pct":0},"statements":{"total":21,"covered":1,"skipped":0,"pct":4.76},"branches":{"total":10,"covered":0,"skipped":0,"pct":0}}
,"/home/ubuntu/repos/northgate-business-web/src/app/features/payroll/payroll-run-detail/payroll-run-detail.component.ts": {"lines":{"total":17,"covered":1,"skipped":0,"pct":5.88},"functions":{"total":8,"covered":0,"skipped":0,"pct":0},"statements":{"total":21,"covered":1,"skipped":0,"pct":4.76},"branches":{"total":11,"covered":0,"skipped":0,"pct":0}}
,"/home/ubuntu/repos/northgate-business-web/src/app/features/payroll/payroll-runs/payroll-runs.component.ts": {"lines":{"total":20,"covered":1,"skipped":0,"pct":5},"functions":{"total":9,"covered":0,"skipped":0,"pct":0},"statements":{"total":22,"covered":1,"skipped":0,"pct":4.54},"branches":{"total":7,"covered":0,"skipped":0,"pct":0}}
,"/home/ubuntu/repos/northgate-business-web/src/app/features/reports/reports.module.ts": {"lines":{"total":2,"covered":2,"skipped":0,"pct":100},"functions":{"total":0,"covered":0,"skipped":0,"pct":100},"statements":{"total":3,"covered":3,"skipped":0,"pct":100},"branches":{"total":0,"covered":0,"skipped":0,"pct":100}}
,"/home/ubuntu/repos/northgate-business-web/src/app/features/reports/reports.service.ts": {"lines":{"total":10,"covered":1,"skipped":0,"pct":10},"functions":{"total":6,"covered":0,"skipped":0,"pct":0},"statements":{"total":11,"covered":1,"skipped":0,"pct":9.09},"branches":{"total":8,"covered":0,"skipped":0,"pct":0}}
,"/home/ubuntu/repos/northgate-business-web/src/app/features/reports/report-catalogue/report-catalogue.component.ts": {"lines":{"total":24,"covered":1,"skipped":0,"pct":4.16},"functions":{"total":8,"covered":0,"skipped":0,"pct":0},"statements":{"total":26,"covered":1,"skipped":0,"pct":3.84},"branches":{"total":9,"covered":0,"skipped":0,"pct":0}}
,"/home/ubuntu/repos/northgate-business-web/src/app/features/reports/report-history/report-history.component.ts": {"lines":{"total":3,"covered":1,"skipped":0,"pct":33.33},"functions":{"total":3,"covered":0,"skipped":0,"pct":0},"statements":{"total":4,"covered":1,"skipped":0,"pct":25},"branches":{"total":6,"covered":0,"skipped":0,"pct":0}}
,"/home/ubuntu/repos/northgate-business-web/src/app/features/reports/report-parameters/report-parameters.component.ts": {"lines":{"total":35,"covered":1,"skipped":0,"pct":2.85},"functions":{"total":14,"covered":0,"skipped":0,"pct":0},"statements":{"total":38,"covered":1,"skipped":0,"pct":2.63},"branches":{"total":20,"covered":0,"skipped":0,"pct":0}}
,"/home/ubuntu/repos/northgate-business-web/src/app/features/reports/report-preview/report-preview.component.ts": {"lines":{"total":18,"covered":1,"skipped":0,"pct":5.55},"functions":{"total":6,"covered":0,"skipped":0,"pct":0},"statements":{"total":18,"covered":1,"skipped":0,"pct":5.55},"branches":{"total":16,"covered":0,"skipped":0,"pct":0}}
,"/home/ubuntu/repos/northgate-business-web/src/app/features/users/users.module.ts": {"lines":{"total":2,"covered":2,"skipped":0,"pct":100},"functions":{"total":0,"covered":0,"skipped":0,"pct":100},"statements":{"total":3,"covered":3,"skipped":0,"pct":100},"branches":{"total":0,"covered":0,"skipped":0,"pct":100}}
,"/home/ubuntu/repos/northgate-business-web/src/app/features/users/users.service.ts": {"lines":{"total":9,"covered":2,"skipped":0,"pct":22.22},"functions":{"total":4,"covered":0,"skipped":0,"pct":0},"statements":{"total":11,"covered":2,"skipped":0,"pct":18.18},"branches":{"total":4,"covered":0,"skipped":0,"pct":0}}
,"/home/ubuntu/repos/northgate-business-web/src/app/features/users/entitlements-editor/entitlements-editor.component.ts": {"lines":{"total":29,"covered":1,"skipped":0,"pct":3.44},"functions":{"total":14,"covered":0,"skipped":0,"pct":0},"statements":{"total":32,"covered":1,"skipped":0,"pct":3.12},"branches":{"total":1,"covered":0,"skipped":0,"pct":0}}
,"/home/ubuntu/repos/northgate-business-web/src/app/features/users/invite-user-dialog/invite-user-dialog.component.ts": {"lines":{"total":14,"covered":1,"skipped":0,"pct":7.14},"functions":{"total":4,"covered":0,"skipped":0,"pct":0},"statements":{"total":15,"covered":1,"skipped":0,"pct":6.66},"branches":{"total":7,"covered":0,"skipped":0,"pct":0}}
,"/home/ubuntu/repos/northgate-business-web/src/app/features/users/limits-form/limits-form.component.ts": {"lines":{"total":21,"covered":1,"skipped":0,"pct":4.76},"functions":{"total":8,"covered":0,"skipped":0,"pct":0},"statements":{"total":22,"covered":1,"skipped":0,"pct":4.54},"branches":{"total":19,"covered":0,"skipped":0,"pct":0}}
,"/home/ubuntu/repos/northgate-business-web/src/app/features/users/permission-matrix/permission-matrix.component.ts": {"lines":{"total":9,"covered":1,"skipped":0,"pct":11.11},"functions":{"total":3,"covered":0,"skipped":0,"pct":0},"statements":{"total":9,"covered":1,"skipped":0,"pct":11.11},"branches":{"total":3,"covered":0,"skipped":0,"pct":0}}
,"/home/ubuntu/repos/northgate-business-web/src/app/features/users/user-detail/user-detail.component.ts": {"lines":{"total":26,"covered":1,"skipped":0,"pct":3.84},"functions":{"total":12,"covered":0,"skipped":0,"pct":0},"statements":{"total":30,"covered":1,"skipped":0,"pct":3.33},"branches":{"total":7,"covered":0,"skipped":0,"pct":0}}
,"/home/ubuntu/repos/northgate-business-web/src/app/features/users/user-list/user-list.component.ts": {"lines":{"total":25,"covered":1,"skipped":0,"pct":4},"functions":{"total":12,"covered":0,"skipped":0,"pct":0},"statements":{"total":27,"covered":1,"skipped":0,"pct":3.7},"branches":{"total":9,"covered":0,"skipped":0,"pct":0}}
,"/home/ubuntu/repos/northgate-business-web/src/app/features/wires/wires.module.ts": {"lines":{"total":2,"covered":2,"skipped":0,"pct":100},"functions":{"total":0,"covered":0,"skipped":0,"pct":100},"statements":{"total":3,"covered":3,"skipped":0,"pct":100},"branches":{"total":0,"covered":0,"skipped":0,"pct":100}}
,"/home/ubuntu/repos/northgate-business-web/src/app/features/wires/wires.service.ts": {"lines":{"total":16,"covered":1,"skipped":0,"pct":6.25},"functions":{"total":7,"covered":0,"skipped":0,"pct":0},"statements":{"total":16,"covered":1,"skipped":0,"pct":6.25},"branches":{"total":12,"covered":0,"skipped":0,"pct":0}}
,"/home/ubuntu/repos/northgate-business-web/src/app/features/wires/beneficiary-list/beneficiary-list.component.ts": {"lines":{"total":12,"covered":1,"skipped":0,"pct":8.33},"functions":{"total":7,"covered":0,"skipped":0,"pct":0},"statements":{"total":12,"covered":1,"skipped":0,"pct":8.33},"branches":{"total":6,"covered":0,"skipped":0,"pct":0}}
,"/home/ubuntu/repos/northgate-business-web/src/app/features/wires/beneficiary-picker/beneficiary-picker.component.ts": {"lines":{"total":12,"covered":1,"skipped":0,"pct":8.33},"functions":{"total":6,"covered":0,"skipped":0,"pct":0},"statements":{"total":12,"covered":1,"skipped":0,"pct":8.33},"branches":{"total":5,"covered":0,"skipped":0,"pct":0}}
,"/home/ubuntu/repos/northgate-business-web/src/app/features/wires/new-wire/new-wire.component.ts": {"lines":{"total":52,"covered":1,"skipped":0,"pct":1.92},"functions":{"total":21,"covered":0,"skipped":0,"pct":0},"statements":{"total":56,"covered":1,"skipped":0,"pct":1.78},"branches":{"total":31,"covered":0,"skipped":0,"pct":0}}
,"/home/ubuntu/repos/northgate-business-web/src/app/features/wires/wire-detail/wire-detail.component.ts": {"lines":{"total":35,"covered":1,"skipped":0,"pct":2.85},"functions":{"total":19,"covered":0,"skipped":0,"pct":0},"statements":{"total":39,"covered":1,"skipped":0,"pct":2.56},"branches":{"total":22,"covered":0,"skipped":0,"pct":0}}
,"/home/ubuntu/repos/northgate-business-web/src/app/features/wires/wire-list/wire-list.component.ts": {"lines":{"total":35,"covered":1,"skipped":0,"pct":2.85},"functions":{"total":17,"covered":0,"skipped":0,"pct":0},"statements":{"total":39,"covered":1,"skipped":0,"pct":2.56},"branches":{"total":12,"covered":0,"skipped":0,"pct":0}}
,"/home/ubuntu/repos/northgate-business-web/src/app/layout/auth-callback/auth-callback.component.ts": {"lines":{"total":13,"covered":1,"skipped":0,"pct":7.69},"functions":{"total":3,"covered":0,"skipped":0,"pct":0},"statements":{"total":16,"covered":1,"skipped":0,"pct":6.25},"branches":{"total":7,"covered":0,"skipped":0,"pct":0}}
,"/home/ubuntu/repos/northgate-business-web/src/app/layout/idle-warning/idle-warning.component.ts": {"lines":{"total":10,"covered":1,"skipped":0,"pct":10},"functions":{"total":5,"covered":0,"skipped":0,"pct":0},"statements":{"total":11,"covered":1,"skipped":0,"pct":9.09},"branches":{"total":2,"covered":0,"skipped":0,"pct":0}}
,"/home/ubuntu/repos/northgate-business-web/src/app/layout/not-found/not-found.component.ts": {"lines":{"total":1,"covered":1,"skipped":0,"pct":100},"functions":{"total":0,"covered":0,"skipped":0,"pct":100},"statements":{"total":2,"covered":2,"skipped":0,"pct":100},"branches":{"total":0,"covered":0,"skipped":0,"pct":100}}
,"/home/ubuntu/repos/northgate-business-web/src/app/layout/shell/shell.component.ts": {"lines":{"total":45,"covered":1,"skipped":0,"pct":2.22},"functions":{"total":13,"covered":0,"skipped":0,"pct":0},"statements":{"total":50,"covered":1,"skipped":0,"pct":2},"branches":{"total":17,"covered":0,"skipped":0,"pct":0}}
,"/home/ubuntu/repos/northgate-business-web/src/app/layout/signed-out/signed-out.component.ts": {"lines":{"total":3,"covered":1,"skipped":0,"pct":33.33},"functions":{"total":2,"covered":0,"skipped":0,"pct":0},"statements":{"total":3,"covered":1,"skipped":0,"pct":33.33},"branches":{"total":0,"covered":0,"skipped":0,"pct":100}}
,"/home/ubuntu/repos/northgate-business-web/src/app/legacy/legacy.module.ts": {"lines":{"total":1,"covered":1,"skipped":0,"pct":100},"functions":{"total":0,"covered":0,"skipped":0,"pct":100},"statements":{"total":2,"covered":2,"skipped":0,"pct":100},"branches":{"total":0,"covered":0,"skipped":0,"pct":100}}
,"/home/ubuntu/repos/northgate-business-web/src/app/legacy/nacha-format.constants.ts": {"lines":{"total":21,"covered":21,"skipped":0,"pct":100},"functions":{"total":0,"covered":0,"skipped":0,"pct":100},"statements":{"total":21,"covered":21,"skipped":0,"pct":100},"branches":{"total":0,"covered":0,"skipped":0,"pct":100}}
,"/home/ubuntu/repos/northgate-business-web/src/app/legacy/nacha-parser.service.ts": {"lines":{"total":224,"covered":190,"skipped":0,"pct":84.82},"functions":{"total":30,"covered":29,"skipped":0,"pct":96.66},"statements":{"total":232,"covered":197,"skipped":0,"pct":84.91},"branches":{"total":132,"covered":92,"skipped":0,"pct":69.69}}
,"/home/ubuntu/repos/northgate-business-web/src/app/legacy/audit-log/legacy-audit-log.component.ts": {"lines":{"total":18,"covered":1,"skipped":0,"pct":5.55},"functions":{"total":9,"covered":0,"skipped":0,"pct":0},"statements":{"total":25,"covered":1,"skipped":0,"pct":4},"branches":{"total":12,"covered":0,"skipped":0,"pct":0}}
,"/home/ubuntu/repos/northgate-business-web/src/app/legacy/positive-pay/positive-pay-placeholder.component.ts": {"lines":{"total":1,"covered":1,"skipped":0,"pct":100},"functions":{"total":0,"covered":0,"skipped":0,"pct":100},"statements":{"total":2,"covered":2,"skipped":0,"pct":100},"branches":{"total":0,"covered":0,"skipped":0,"pct":100}}
,"/home/ubuntu/repos/northgate-business-web/src/app/legacy/statements/legacy-statements.component.ts": {"lines":{"total":22,"covered":1,"skipped":0,"pct":4.54},"functions":{"total":10,"covered":0,"skipped":0,"pct":0},"statements":{"total":28,"covered":1,"skipped":0,"pct":3.57},"branches":{"total":4,"covered":0,"skipped":0,"pct":0}}
,"/home/ubuntu/repos/northgate-business-web/src/app/shared/shared.module.ts": {"lines":{"total":4,"covered":4,"skipped":0,"pct":100},"functions":{"total":0,"covered":0,"skipped":0,"pct":100},"statements":{"total":5,"covered":5,"skipped":0,"pct":100},"branches":{"total":0,"covered":0,"skipped":0,"pct":100}}
,"/home/ubuntu/repos/northgate-business-web/src/app/shared/components/confirm-action-dialog/confirm-action-dialog.component.ts": {"lines":{"total":9,"covered":1,"skipped":0,"pct":11.11},"functions":{"total":3,"covered":0,"skipped":0,"pct":0},"statements":{"total":9,"covered":1,"skipped":0,"pct":11.11},"branches":{"total":5,"covered":0,"skipped":0,"pct":0}}
,"/home/ubuntu/repos/northgate-business-web/src/app/shared/components/empty-state/empty-state.component.ts": {"lines":{"total":4,"covered":1,"skipped":0,"pct":25},"functions":{"total":1,"covered":0,"skipped":0,"pct":0},"statements":{"total":4,"covered":1,"skipped":0,"pct":25},"branches":{"total":0,"covered":0,"skipped":0,"pct":100}}
,"/home/ubuntu/repos/northgate-business-web/src/app/shared/components/money-cell/money-cell.component.ts": {"lines":{"total":3,"covered":1,"skipped":0,"pct":33.33},"functions":{"total":1,"covered":0,"skipped":0,"pct":0},"statements":{"total":3,"covered":1,"skipped":0,"pct":33.33},"branches":{"total":0,"covered":0,"skipped":0,"pct":100}}
,"/home/ubuntu/repos/northgate-business-web/src/app/shared/components/page-loading/page-loading.component.ts": {"lines":{"total":2,"covered":1,"skipped":0,"pct":50},"functions":{"total":1,"covered":0,"skipped":0,"pct":0},"statements":{"total":2,"covered":1,"skipped":0,"pct":50},"branches":{"total":0,"covered":0,"skipped":0,"pct":100}}
,"/home/ubuntu/repos/northgate-business-web/src/app/shared/components/status-badge/status-badge.component.ts": {"lines":{"total":3,"covered":2,"skipped":0,"pct":66.66},"functions":{"total":1,"covered":0,"skipped":0,"pct":0},"statements":{"total":3,"covered":2,"skipped":0,"pct":66.66},"branches":{"total":2,"covered":0,"skipped":0,"pct":0}}
,"/home/ubuntu/repos/northgate-business-web/src/app/shared/pipes/business-date.pipe.ts": {"lines":{"total":12,"covered":1,"skipped":0,"pct":8.33},"functions":{"total":1,"covered":0,"skipped":0,"pct":0},"statements":{"total":13,"covered":2,"skipped":0,"pct":15.38},"branches":{"total":8,"covered":0,"skipped":0,"pct":0}}
,"/home/ubuntu/repos/northgate-business-web/src/app/shared/pipes/mask-account.pipe.ts": {"lines":{"total":4,"covered":4,"skipped":0,"pct":100},"functions":{"total":1,"covered":1,"skipped":0,"pct":100},"statements":{"total":5,"covered":5,"skipped":0,"pct":100},"branches":{"total":1,"covered":1,"skipped":0,"pct":100}}
,"/home/ubuntu/repos/northgate-business-web/src/app/shared/pipes/money.pipe.ts": {"lines":{"total":8,"covered":1,"skipped":0,"pct":12.5},"functions":{"total":2,"covered":0,"skipped":0,"pct":0},"statements":{"total":9,"covered":2,"skipped":0,"pct":22.22},"branches":{"total":8,"covered":0,"skipped":0,"pct":0}}
,"/home/ubuntu/repos/northgate-business-web/src/app/shared/pipes/status-label.pipe.ts": {"lines":{"total":4,"covered":1,"skipped":0,"pct":25},"functions":{"total":1,"covered":0,"skipped":0,"pct":0},"statements":{"total":5,"covered":2,"skipped":0,"pct":40},"branches":{"total":1,"covered":0,"skipped":0,"pct":0}}
,"/home/ubuntu/repos/northgate-business-web/src/app/store/app.state.ts": {"lines":{"total":2,"covered":2,"skipped":0,"pct":100},"functions":{"total":0,"covered":0,"skipped":0,"pct":100},"statements":{"total":2,"covered":2,"skipped":0,"pct":100},"branches":{"total":2,"covered":1,"skipped":0,"pct":50}}
,"/home/ubuntu/repos/northgate-business-web/src/app/store/approvals/approvals.actions.ts": {"lines":{"total":11,"covered":11,"skipped":0,"pct":100},"functions":{"total":0,"covered":0,"skipped":0,"pct":100},"statements":{"total":11,"covered":11,"skipped":0,"pct":100},"branches":{"total":0,"covered":0,"skipped":0,"pct":100}}
,"/home/ubuntu/repos/northgate-business-web/src/app/store/approvals/approvals.effects.ts": {"lines":{"total":18,"covered":6,"skipped":0,"pct":33.33},"functions":{"total":13,"covered":5,"skipped":0,"pct":38.46},"statements":{"total":24,"covered":12,"skipped":0,"pct":50},"branches":{"total":12,"covered":0,"skipped":0,"pct":0}}
,"/home/ubuntu/repos/northgate-business-web/src/app/store/approvals/approvals.reducer.ts": {"lines":{"total":37,"covered":37,"skipped":0,"pct":100},"functions":{"total":18,"covered":18,"skipped":0,"pct":100},"statements":{"total":40,"covered":40,"skipped":0,"pct":100},"branches":{"total":23,"covered":21,"skipped":0,"pct":91.3}}
,"/home/ubuntu/repos/northgate-business-web/src/app/store/approvals/approvals.selectors.ts": {"lines":{"total":15,"covered":14,"skipped":0,"pct":93.33},"functions":{"total":15,"covered":6,"skipped":0,"pct":40},"statements":{"total":26,"covered":17,"skipped":0,"pct":65.38},"branches":{"total":12,"covered":8,"skipped":0,"pct":66.66}}
,"/home/ubuntu/repos/northgate-business-web/src/app/store/entitlements/entitlements.actions.ts": {"lines":{"total":36,"covered":13,"skipped":0,"pct":36.11},"functions":{"total":13,"covered":1,"skipped":0,"pct":7.69},"statements":{"total":36,"covered":13,"skipped":0,"pct":36.11},"branches":{"total":2,"covered":2,"skipped":0,"pct":100}}
,"/home/ubuntu/repos/northgate-business-web/src/app/store/entitlements/entitlements.effects.ts": {"lines":{"total":13,"covered":5,"skipped":0,"pct":38.46},"functions":{"total":11,"covered":4,"skipped":0,"pct":36.36},"statements":{"total":19,"covered":11,"skipped":0,"pct":57.89},"branches":{"total":10,"covered":0,"skipped":0,"pct":0}}
,"/home/ubuntu/repos/northgate-business-web/src/app/store/entitlements/entitlements.reducer.ts": {"lines":{"total":45,"covered":5,"skipped":0,"pct":11.11},"functions":{"total":9,"covered":1,"skipped":0,"pct":11.11},"statements":{"total":48,"covered":5,"skipped":0,"pct":10.41},"branches":{"total":42,"covered":2,"skipped":0,"pct":4.76}}
,"/home/ubuntu/repos/northgate-business-web/src/app/store/entitlements/entitlements.selectors.ts": {"lines":{"total":21,"covered":14,"skipped":0,"pct":66.66},"functions":{"total":19,"covered":0,"skipped":0,"pct":0},"statements":{"total":33,"covered":14,"skipped":0,"pct":42.42},"branches":{"total":13,"covered":0,"skipped":0,"pct":0}}
}
